<?xml version="1.0" encoding="UTF-8"?>
<!-- Generated by org.testng.reporters.JUnitReportReporter -->
<testsuite hostname="ChristyC" failures="0" tests="1" name="variousConcepts.LearnTestNG" time="6.750" errors="0" timestamp="2023-06-19T09:56:07 CDT" skipped="0">
  <testcase classname="variousConcepts.LearnTestNG" name="addCust" time="6.750"/>
</testsuite> <!-- variousConcepts.LearnTestNG -->
